<?xml version="1.0" encoding="UTF-8"?>
<testsuite xmlns:xsi="http://www.w3.org/2001/XMLSchema-instance" xsi:noNamespaceSchemaLocation="https://maven.apache.org/surefire/maven-surefire-plugin/xsd/surefire-test-report-3.0.xsd" version="3.0" name="com.ibm.poweshellexample.poweshellexample.PoweshellexampleApplicationTests" time="3.129" tests="1" errors="0" skipped="0" failures="0">
  <properties>
[...]
</properties>
  <testcase name="contextLoads" classname="com.ibm.poweshellexample.poweshellexample.PoweshellexampleApplicationTests" time="0.933">
    <system-out><![CDATA[18:04:24.105 [main] INFO org.springframework.test.context.support.AnnotationConfigContextLoaderUtils -- Could not detect default configuration classes for test class [com.ibm.poweshellexample.poweshellexample.PoweshellexampleApplicationTests]: PoweshellexampleApplicationTests does not declare any static, non-private, non-final, nested classes annotated with @Configuration.
18:04:24.256 [main] INFO org.springframework.boot.test.context.SpringBootTestContextBootstrapper -- Found @SpringBootConfiguration com.ibm.poweshellexample.poweshellexample.PoweshellexampleApplication for test class com.ibm.poweshellexample.poweshellexample.PoweshellexampleApplicationTests
  .   ____          _            __ _ _
 /\\ / ___'_ __ _ _(_)_ __  __ _ \ \ \ \
( ( )\___ | '_ | '_| | '_ \/ _` | \ \ \ \
 \\/  ___)| |_)| | | | | || (_| |  ) ) ) )
  '  |____| .__|_| |_|_| |_\__, | / / / /
 =========|_|==============|___/=/_/_/_/

 :: Spring Boot ::                (v3.3.0)

2024-06-20T18:04:24.688+05:30  INFO 35652 --- [poweshellexample] [           main] c.i.p.p.PoweshellexampleApplicationTests : Starting PoweshellexampleApplicationTests using Java 18 with PID 35652 (started by SunithaGM in C:\ShellExample\poweshellexample)
2024-06-20T18:04:24.690+05:30  INFO 35652 --- [poweshellexample] [           main] c.i.p.p.PoweshellexampleApplicationTests : No active profile set, falling back to 1 default profile: "default"
2024-06-20T18:04:25.511+05:30  INFO 35652 --- [poweshellexample] [           main] f.a.AutowiredAnnotationBeanPostProcessor : Autowired annotation is not supported on static fields: static com.ibm.poweshellexample.poweshellexample.AppExample com.ibm.poweshellexample.poweshellexample.PoweshellexampleApplication.appExample
2024-06-20T18:04:26.112+05:30  INFO 35652 --- [poweshellexample] [           main] c.i.p.p.PoweshellexampleApplicationTests : Started PoweshellexampleApplicationTests in 1.702 seconds (process running for 2.747)
]]></system-out>
  </testcase>
</testsuite>